<?xml version="1.0" encoding="UTF-8"?>
<testsuite xmlns:xsi="http://www.w3.org/2001/XMLSchema-instance" xsi:noNamespaceSchemaLocation="https://maven.apache.org/surefire/maven-surefire-plugin/xsd/surefire-test-report.xsd" name="carrentproject.CrudTest" time="0.365" tests="12" errors="0" skipped="0" failures="0">
  <properties>
[...]
</properties>
  <testcase name="setTimesSaveToFalse_correct" classname="carrentproject.CrudTest" time="0.218"/>
  <testcase name="getReservedCarsById_correct" classname="carrentproject.CrudTest" time="0"/>
  <testcase name="getTimesByUserReservationId_correct" classname="carrentproject.CrudTest" time="0"/>
  <testcase name="updateCarReservation_correct" classname="carrentproject.CrudTest" time="0"/>
  <testcase name="deleteReservedCarsById_correct" classname="carrentproject.CrudTest" time="0"/>
  <testcase name="addReservedCars_correct" classname="carrentproject.CrudTest" time="0"/>
  <testcase name="deleteReservedCars_no_element" classname="carrentproject.CrudTest" time="0"/>
  <testcase name="addDateOverAddCollection_correct" classname="carrentproject.CrudTest" time="0.016"/>
  <testcase name="getAllReservedCars_correct" classname="carrentproject.CrudTest" time="0"/>
  <testcase name="getReservationById_NoSuchElementException_expected" classname="carrentproject.CrudTest" time="0"/>
  <testcase name="updateDateOverUpdateObject_correct" classname="carrentproject.CrudTest" time="0"/>
  <testcase name="readDataOnGetObject_correct" classname="carrentproject.CrudTest" time="0"/>
</testsuite>